<?xml version="1.0" encoding="UTF-8"?>
<!-- Generated by org.testng.reporters.JUnitXMLReporter -->
<testsuite ignored="0" hostname="DESKTOP-346RFLV" failures="14" tests="37" name="EmployeeTests" time="29.012" errors="0" timestamp="2022-11-10T14:44:58 EST">
  <testcase classname="com.employeesAPI.testcases.TC001_GET_All_Employees" name="checkContentEncoding" time="0.014"/>
  <testcase classname="com.employeesAPI.testcases.TC001_GET_All_Employees" name="checkContentLength" time="0.005">
    <failure type="java.lang.NumberFormatException" message="Cannot parse null string">
      <![CDATA[java.lang.NumberFormatException: Cannot parse null string
at java.base/java.lang.Integer.parseInt(Integer.java:630)
at java.base/java.lang.Integer.parseInt(Integer.java:786)
at com.employeesAPI.testcases.TC001_GET_All_Employees.checkContentLength(TC001_GET_All_Employees.java:99)
at java.base/java.util.ArrayList.forEach(ArrayList.java:1511)
... Removed 27 stack frames]]>
    </failure>
  </testcase> <!-- checkContentLength -->
  <testcase classname="com.employeesAPI.testcases.TC001_GET_All_Employees" name="checkContentType" time="0.014">
    <failure type="java.lang.AssertionError" message="expected [application/json] but found [text/html; charset=UTF-8]">
      <![CDATA[java.lang.AssertionError: expected [application/json] but found [text/html; charset=UTF-8]
at com.employeesAPI.testcases.TC001_GET_All_Employees.checkContentType(TC001_GET_All_Employees.java:71)
at java.base/java.util.ArrayList.forEach(ArrayList.java:1511)
... Removed 33 stack frames]]>
    </failure>
  </testcase> <!-- checkContentType -->
  <testcase classname="com.employeesAPI.testcases.TC001_GET_All_Employees" name="checkResponseTime" time="0.011"/>
  <testcase classname="com.employeesAPI.testcases.TC001_GET_All_Employees" name="checkServer" time="0.008"/>
  <testcase classname="com.employeesAPI.testcases.TC001_GET_All_Employees" name="checkStatusLine" time="0.013">
    <failure type="java.lang.AssertionError" message="expected [HTTP/1.1 200 OK] but found [HTTP/1.1 429 Too Many Requests]">
      <![CDATA[java.lang.AssertionError: expected [HTTP/1.1 200 OK] but found [HTTP/1.1 429 Too Many Requests]
at com.employeesAPI.testcases.TC001_GET_All_Employees.checkStatusLine(TC001_GET_All_Employees.java:47)
at java.base/java.util.ArrayList.forEach(ArrayList.java:1511)
... Removed 33 stack frames]]>
    </failure>
  </testcase> <!-- checkStatusLine -->
  <testcase classname="com.employeesAPI.testcases.TC001_GET_All_Employees" name="checkSuccessCode" time="0.003">
    <failure type="java.lang.AssertionError" message="expected [200] but found [429]">
      <![CDATA[java.lang.AssertionError: expected [200] but found [429]
at com.employeesAPI.testcases.TC001_GET_All_Employees.checkSuccessCode(TC001_GET_All_Employees.java:38)
at java.base/java.util.ArrayList.forEach(ArrayList.java:1511)
... Removed 33 stack frames]]>
    </failure>
  </testcase> <!-- checkSuccessCode -->
  <testcase classname="com.employeesAPI.testcases.TC001_GET_All_Employees" name="checkResponseBody" time="0.053"/>
  <testcase classname="com.employeesAPI.testcases.TC002_GET_Single_Employee_Record" name="checkContentLength" time="0.009">
    <failure type="java.lang.NumberFormatException" message="Cannot parse null string">
      <![CDATA[java.lang.NumberFormatException: Cannot parse null string
at java.base/java.lang.Integer.parseInt(Integer.java:630)
at java.base/java.lang.Integer.parseInt(Integer.java:786)
at com.employeesAPI.testcases.TC002_GET_Single_Employee_Record.checkContentLength(TC002_GET_Single_Employee_Record.java:91)
at java.base/java.util.ArrayList.forEach(ArrayList.java:1511)
... Removed 27 stack frames]]>
    </failure>
  </testcase> <!-- checkContentLength -->
  <testcase classname="com.employeesAPI.testcases.TC002_GET_Single_Employee_Record" name="checkContentType" time="0.005">
    <failure type="java.lang.AssertionError" message="expected [application/json] but found [text/html; charset=UTF-8]">
      <![CDATA[java.lang.AssertionError: expected [application/json] but found [text/html; charset=UTF-8]
at com.employeesAPI.testcases.TC002_GET_Single_Employee_Record.checkContentType(TC002_GET_Single_Employee_Record.java:72)
at java.base/java.util.ArrayList.forEach(ArrayList.java:1511)
... Removed 33 stack frames]]>
    </failure>
  </testcase> <!-- checkContentType -->
  <testcase classname="com.employeesAPI.testcases.TC002_GET_Single_Employee_Record" name="checkResponseTime" time="0.002"/>
  <testcase classname="com.employeesAPI.testcases.TC002_GET_Single_Employee_Record" name="checkServer" time="0.002"/>
  <testcase classname="com.employeesAPI.testcases.TC002_GET_Single_Employee_Record" name="checkStatusLine" time="0.004">
    <failure type="java.lang.AssertionError" message="expected [HTTP/1.1 200 OK] but found [HTTP/1.1 429 Too Many Requests]">
      <![CDATA[java.lang.AssertionError: expected [HTTP/1.1 200 OK] but found [HTTP/1.1 429 Too Many Requests]
at com.employeesAPI.testcases.TC002_GET_Single_Employee_Record.checkStatusLine(TC002_GET_Single_Employee_Record.java:48)
at java.base/java.util.ArrayList.forEach(ArrayList.java:1511)
... Removed 33 stack frames]]>
    </failure>
  </testcase> <!-- checkStatusLine -->
  <testcase classname="com.employeesAPI.testcases.TC002_GET_Single_Employee_Record" name="checkSuccessCode" time="0.002">
    <failure type="java.lang.AssertionError" message="expected [200] but found [429]">
      <![CDATA[java.lang.AssertionError: expected [200] but found [429]
at com.employeesAPI.testcases.TC002_GET_Single_Employee_Record.checkSuccessCode(TC002_GET_Single_Employee_Record.java:39)
at java.base/java.util.ArrayList.forEach(ArrayList.java:1511)
... Removed 33 stack frames]]>
    </failure>
  </testcase> <!-- checkSuccessCode -->
  <testcase classname="com.employeesAPI.testcases.TC002_GET_Single_Employee_Record" name="checkResponseBody" time="0.003"/>
  <testcase classname="com.employeesAPI.testcases.TC003_POST_New_Employee_Record" name="checkContentLength" time="0.004"/>
  <testcase classname="com.employeesAPI.testcases.TC003_POST_New_Employee_Record" name="checkContentType" time="0.006"/>
  <testcase classname="com.employeesAPI.testcases.TC003_POST_New_Employee_Record" name="checkResponseTime" time="0.001"/>
  <testcase classname="com.employeesAPI.testcases.TC003_POST_New_Employee_Record" name="checkServer" time="0.003"/>
  <testcase classname="com.employeesAPI.testcases.TC003_POST_New_Employee_Record" name="checkStatusLine" time="0.002"/>
  <testcase classname="com.employeesAPI.testcases.TC003_POST_New_Employee_Record" name="checkSuccessCode" time="0.001"/>
  <testcase classname="com.employeesAPI.testcases.TC003_POST_New_Employee_Record" name="checkResponseBody" time="0.002"/>
  <testcase classname="com.employeesAPI.testcases.TC004_PUT_Employee_Record" name="checkContentEncoding" time="0.004">
    <failure type="java.lang.AssertionError" message="expected [gzip] but found [null]">
      <![CDATA[java.lang.AssertionError: expected [gzip] but found [null]
at com.employeesAPI.testcases.TC004_PUT_Employee_Record.checkContentEncoding(TC004_PUT_Employee_Record.java:113)
at java.base/java.util.ArrayList.forEach(ArrayList.java:1511)
... Removed 33 stack frames]]>
    </failure>
  </testcase> <!-- checkContentEncoding -->
  <testcase classname="com.employeesAPI.testcases.TC004_PUT_Employee_Record" name="checkContentLength" time="0.005"/>
  <testcase classname="com.employeesAPI.testcases.TC004_PUT_Employee_Record" name="checkContentType" time="0.002"/>
  <testcase classname="com.employeesAPI.testcases.TC004_PUT_Employee_Record" name="checkResponseTime" time="0.002"/>
  <testcase classname="com.employeesAPI.testcases.TC004_PUT_Employee_Record" name="checkServer" time="0.001"/>
  <testcase classname="com.employeesAPI.testcases.TC004_PUT_Employee_Record" name="checkStatusLine" time="0.002"/>
  <testcase classname="com.employeesAPI.testcases.TC004_PUT_Employee_Record" name="checkSuccessCode" time="0.001"/>
  <testcase classname="com.employeesAPI.testcases.TC004_PUT_Employee_Record" name="checkResponseBody" time="0.002"/>
  <testcase classname="com.employeesAPI.testcases.TC005_DELETE_Employee_Record" name="checkContentLength" time="0.008">
    <failure type="java.lang.NumberFormatException" message="Cannot parse null string">
      <![CDATA[java.lang.NumberFormatException: Cannot parse null string
at java.base/java.lang.Integer.parseInt(Integer.java:630)
at java.base/java.lang.Integer.parseInt(Integer.java:786)
at com.employeesAPI.testcases.TC005_DELETE_Employee_Record.checkContentLength(TC005_DELETE_Employee_Record.java:101)
at java.base/java.util.ArrayList.forEach(ArrayList.java:1511)
... Removed 27 stack frames]]>
    </failure>
  </testcase> <!-- checkContentLength -->
  <testcase classname="com.employeesAPI.testcases.TC005_DELETE_Employee_Record" name="checkContentType" time="0.005">
    <failure type="java.lang.AssertionError" message="expected [application/json] but found [text/html; charset=UTF-8]">
      <![CDATA[java.lang.AssertionError: expected [application/json] but found [text/html; charset=UTF-8]
at com.employeesAPI.testcases.TC005_DELETE_Employee_Record.checkContentType(TC005_DELETE_Employee_Record.java:82)
at java.base/java.util.ArrayList.forEach(ArrayList.java:1511)
... Removed 33 stack frames]]>
    </failure>
  </testcase> <!-- checkContentType -->
  <testcase classname="com.employeesAPI.testcases.TC005_DELETE_Employee_Record" name="checkResponseTime" time="0.003"/>
  <testcase classname="com.employeesAPI.testcases.TC005_DELETE_Employee_Record" name="checkServer" time="0.003"/>
  <testcase classname="com.employeesAPI.testcases.TC005_DELETE_Employee_Record" name="checkStatusLine" time="0.003">
    <failure type="java.lang.AssertionError" message="expected [HTTP/1.1 200 OK] but found [HTTP/1.1 429 Too Many Requests]">
      <![CDATA[java.lang.AssertionError: expected [HTTP/1.1 200 OK] but found [HTTP/1.1 429 Too Many Requests]
at com.employeesAPI.testcases.TC005_DELETE_Employee_Record.checkStatusLine(TC005_DELETE_Employee_Record.java:58)
at java.base/java.util.ArrayList.forEach(ArrayList.java:1511)
... Removed 33 stack frames]]>
    </failure>
  </testcase> <!-- checkStatusLine -->
  <testcase classname="com.employeesAPI.testcases.TC005_DELETE_Employee_Record" name="checkSuccessCode" time="0.001">
    <failure type="java.lang.AssertionError" message="expected [200] but found [429]">
      <![CDATA[java.lang.AssertionError: expected [200] but found [429]
at com.employeesAPI.testcases.TC005_DELETE_Employee_Record.checkSuccessCode(TC005_DELETE_Employee_Record.java:49)
at java.base/java.util.ArrayList.forEach(ArrayList.java:1511)
... Removed 33 stack frames]]>
    </failure>
  </testcase> <!-- checkSuccessCode -->
  <testcase classname="com.employeesAPI.testcases.TC005_DELETE_Employee_Record" name="checkResponseBody" time="0.003">
    <failure type="java.lang.AssertionError" message="expected [true] but found [false]">
      <![CDATA[java.lang.AssertionError: expected [true] but found [false]
at com.employeesAPI.testcases.TC005_DELETE_Employee_Record.checkResponseBody(TC005_DELETE_Employee_Record.java:41)
at java.base/java.util.ArrayList.forEach(ArrayList.java:1511)
... Removed 33 stack frames]]>
    </failure>
  </testcase> <!-- checkResponseBody -->
</testsuite> <!-- EmployeeTests -->
