<?xml version="1.0" encoding="UTF-8"?>
<!-- Generated by org.testng.reporters.JUnitXMLReporter -->
<testsuite ignored="0" hostname="DESKTOP-346RFLV" failures="6" tests="36" name="EmployeeTests" time="23.684" errors="0" timestamp="2022-11-10T17:48:53 EST">
  <testcase classname="com.employeesAPI.testcases.TC005_DELETE_Employee_Record" name="@BeforeClass getAllEmployees" time="0.766">
    <failure type="io.restassured.path.json.exception.JsonPathException" message="Failed to parse the JSON document">
      <![CDATA[io.restassured.path.json.exception.JsonPathException: Failed to parse the JSON document
at io.restassured.path.json.JsonPath$ExceptionCatcher.invoke(JsonPath.java:1002)
at io.restassured.path.json.JsonPath$4.doParseWith(JsonPath.java:967)
at io.restassured.path.json.JsonPath$JsonParser.parseWith(JsonPath.java:1047)
at io.restassured.path.json.JsonPath.get(JsonPath.java:202)
at com.employeesAPI.testcases.TC005_DELETE_Employee_Record.getAllEmployees(TC005_DELETE_Employee_Record.java:30)
at java.base/java.util.ArrayList.forEach(ArrayList.java:1511)
Caused by: groovy.json.JsonException: Lexing failed on line: 1, column: 1, while reading '<', no possible valid JSON value or punctuation could be recognized.
at groovy.json.JsonLexer.nextToken(JsonLexer.java:86)
at groovy.json.JsonLexer$nextToken.call(Unknown Source)
at org.codehaus.groovy.runtime.callsite.CallSiteArray.defaultCall(CallSiteArray.java:46)
at org.codehaus.groovy.runtime.callsite.AbstractCallSite.call(AbstractCallSite.java:125)
at org.codehaus.groovy.runtime.callsite.AbstractCallSite.call(AbstractCallSite.java:130)
at io.restassured.internal.path.json.ConfigurableJsonSlurper.parse(ConfigurableJsonSlurper.groovy:97)
at io.restassured.internal.path.json.ConfigurableJsonSlurper$parse.callCurrent(Unknown Source)
at org.codehaus.groovy.runtime.callsite.CallSiteArray.defaultCallCurrent(CallSiteArray.java:50)
at org.codehaus.groovy.runtime.callsite.AbstractCallSite.callCurrent(AbstractCallSite.java:171)
at org.codehaus.groovy.runtime.callsite.AbstractCallSite.callCurrent(AbstractCallSite.java:185)
at io.restassured.internal.path.json.ConfigurableJsonSlurper.parseText(ConfigurableJsonSlurper.groovy:83)
at io.restassured.path.json.JsonPath$4$1.method(JsonPath.java:965)
at io.restassured.path.json.JsonPath$ExceptionCatcher.invoke(JsonPath.java:1000)
... 34 more
... Removed 29 stack frames]]>
    </failure>
  </testcase> <!-- @BeforeClass getAllEmployees -->
  <testcase classname="com.employeesAPI.testcases.TC005_DELETE_Employee_Record" name="@AfterClass tearDown" time="0.0">
    <skipped/>
  </testcase> <!-- @AfterClass tearDown -->
  <testcase classname="com.employeesAPI.testcases.TC001_GET_All_Employees" name="checkContentEncoding" time="0.007"/>
  <testcase classname="com.employeesAPI.testcases.TC001_GET_All_Employees" name="checkContentLength" time="0.002">
    <failure type="java.lang.NumberFormatException" message="Cannot parse null string">
      <![CDATA[java.lang.NumberFormatException: Cannot parse null string
at java.base/java.lang.Integer.parseInt(Integer.java:630)
at java.base/java.lang.Integer.parseInt(Integer.java:786)
at com.employeesAPI.testcases.TC001_GET_All_Employees.checkContentLength(TC001_GET_All_Employees.java:99)
at java.base/java.util.ArrayList.forEach(ArrayList.java:1511)
... Removed 31 stack frames]]>
    </failure>
  </testcase> <!-- checkContentLength -->
  <testcase classname="com.employeesAPI.testcases.TC001_GET_All_Employees" name="checkContentType" time="0.002"/>
  <testcase classname="com.employeesAPI.testcases.TC001_GET_All_Employees" name="checkResponseTime" time="0.005"/>
  <testcase classname="com.employeesAPI.testcases.TC001_GET_All_Employees" name="checkServer" time="0.002"/>
  <testcase classname="com.employeesAPI.testcases.TC001_GET_All_Employees" name="checkStatusLine" time="0.003"/>
  <testcase classname="com.employeesAPI.testcases.TC001_GET_All_Employees" name="checkSuccessCode" time="0.002"/>
  <testcase classname="com.employeesAPI.testcases.TC001_GET_All_Employees" name="checkResponseBody" time="0.033"/>
  <testcase classname="com.employeesAPI.testcases.TC002_GET_Single_Employee_Record" name="checkContentLength" time="0.003">
    <failure type="java.lang.NumberFormatException" message="Cannot parse null string">
      <![CDATA[java.lang.NumberFormatException: Cannot parse null string
at java.base/java.lang.Integer.parseInt(Integer.java:630)
at java.base/java.lang.Integer.parseInt(Integer.java:786)
at com.employeesAPI.testcases.TC002_GET_Single_Employee_Record.checkContentLength(TC002_GET_Single_Employee_Record.java:91)
at java.base/java.util.ArrayList.forEach(ArrayList.java:1511)
... Removed 31 stack frames]]>
    </failure>
  </testcase> <!-- checkContentLength -->
  <testcase classname="com.employeesAPI.testcases.TC002_GET_Single_Employee_Record" name="checkContentType" time="0.027">
    <failure type="java.lang.AssertionError" message="expected [application/json] but found [text/html; charset=UTF-8]">
      <![CDATA[java.lang.AssertionError: expected [application/json] but found [text/html; charset=UTF-8]
at com.employeesAPI.testcases.TC002_GET_Single_Employee_Record.checkContentType(TC002_GET_Single_Employee_Record.java:72)
at java.base/java.util.ArrayList.forEach(ArrayList.java:1511)
... Removed 37 stack frames]]>
    </failure>
  </testcase> <!-- checkContentType -->
  <testcase classname="com.employeesAPI.testcases.TC002_GET_Single_Employee_Record" name="checkResponseTime" time="0.002"/>
  <testcase classname="com.employeesAPI.testcases.TC002_GET_Single_Employee_Record" name="checkServer" time="0.002"/>
  <testcase classname="com.employeesAPI.testcases.TC002_GET_Single_Employee_Record" name="checkStatusLine" time="0.002">
    <failure type="java.lang.AssertionError" message="expected [HTTP/1.1 200 OK] but found [HTTP/1.1 429 Too Many Requests]">
      <![CDATA[java.lang.AssertionError: expected [HTTP/1.1 200 OK] but found [HTTP/1.1 429 Too Many Requests]
at com.employeesAPI.testcases.TC002_GET_Single_Employee_Record.checkStatusLine(TC002_GET_Single_Employee_Record.java:48)
at java.base/java.util.ArrayList.forEach(ArrayList.java:1511)
... Removed 37 stack frames]]>
    </failure>
  </testcase> <!-- checkStatusLine -->
  <testcase classname="com.employeesAPI.testcases.TC002_GET_Single_Employee_Record" name="checkSuccessCode" time="0.001">
    <failure type="java.lang.AssertionError" message="expected [200] but found [429]">
      <![CDATA[java.lang.AssertionError: expected [200] but found [429]
at com.employeesAPI.testcases.TC002_GET_Single_Employee_Record.checkSuccessCode(TC002_GET_Single_Employee_Record.java:39)
at java.base/java.util.ArrayList.forEach(ArrayList.java:1511)
... Removed 37 stack frames]]>
    </failure>
  </testcase> <!-- checkSuccessCode -->
  <testcase classname="com.employeesAPI.testcases.TC002_GET_Single_Employee_Record" name="checkResponseBody" time="0.02"/>
  <testcase classname="com.employeesAPI.testcases.TC003_POST_New_Employee_Record" name="checkContentLength" time="0.002"/>
  <testcase classname="com.employeesAPI.testcases.TC003_POST_New_Employee_Record" name="checkContentType" time="0.006"/>
  <testcase classname="com.employeesAPI.testcases.TC003_POST_New_Employee_Record" name="checkResponseTime" time="0.003"/>
  <testcase classname="com.employeesAPI.testcases.TC003_POST_New_Employee_Record" name="checkServer" time="0.028"/>
  <testcase classname="com.employeesAPI.testcases.TC003_POST_New_Employee_Record" name="checkStatusLine" time="0.001"/>
  <testcase classname="com.employeesAPI.testcases.TC003_POST_New_Employee_Record" name="checkSuccessCode" time="0.001"/>
  <testcase classname="com.employeesAPI.testcases.TC003_POST_New_Employee_Record" name="checkResponseBody" time="0.003"/>
  <testcase classname="com.employeesAPI.testcases.TC004_PUT_Employee_Record" name="checkContentEncoding" time="0.002">
    <failure type="java.lang.AssertionError" message="expected [gzip] but found [null]">
      <![CDATA[java.lang.AssertionError: expected [gzip] but found [null]
at com.employeesAPI.testcases.TC004_PUT_Employee_Record.checkContentEncoding(TC004_PUT_Employee_Record.java:113)
at java.base/java.util.ArrayList.forEach(ArrayList.java:1511)
... Removed 37 stack frames]]>
    </failure>
  </testcase> <!-- checkContentEncoding -->
  <testcase classname="com.employeesAPI.testcases.TC004_PUT_Employee_Record" name="checkContentLength" time="0.009"/>
  <testcase classname="com.employeesAPI.testcases.TC004_PUT_Employee_Record" name="checkResponseTime" time="0.002"/>
  <testcase classname="com.employeesAPI.testcases.TC004_PUT_Employee_Record" name="checkServer" time="0.001"/>
  <testcase classname="com.employeesAPI.testcases.TC004_PUT_Employee_Record" name="checkStatusLine" time="0.005"/>
  <testcase classname="com.employeesAPI.testcases.TC004_PUT_Employee_Record" name="checkSuccessCode" time="0.002"/>
  <testcase classname="com.employeesAPI.testcases.TC004_PUT_Employee_Record" name="checkResponseBody" time="0.002"/>
  <testcase classname="com.employeesAPI.testcases.TC005_DELETE_Employee_Record" name="checkContentLength" time="0.0">
    <skipped/>
  </testcase> <!-- checkContentLength -->
  <testcase classname="com.employeesAPI.testcases.TC005_DELETE_Employee_Record" name="checkContentType" time="0.0">
    <skipped/>
  </testcase> <!-- checkContentType -->
  <testcase classname="com.employeesAPI.testcases.TC005_DELETE_Employee_Record" name="checkResponseTime" time="0.001">
    <skipped/>
  </testcase> <!-- checkResponseTime -->
  <testcase classname="com.employeesAPI.testcases.TC005_DELETE_Employee_Record" name="checkServer" time="0.0">
    <skipped/>
  </testcase> <!-- checkServer -->
  <testcase classname="com.employeesAPI.testcases.TC005_DELETE_Employee_Record" name="checkStatusLine" time="0.0">
    <skipped/>
  </testcase> <!-- checkStatusLine -->
  <testcase classname="com.employeesAPI.testcases.TC005_DELETE_Employee_Record" name="checkSuccessCode" time="0.0">
    <skipped/>
  </testcase> <!-- checkSuccessCode -->
  <testcase classname="com.employeesAPI.testcases.TC005_DELETE_Employee_Record" name="checkResponseBody" time="0.0">
    <skipped/>
  </testcase> <!-- checkResponseBody -->
</testsuite> <!-- EmployeeTests -->
